<?xml version="1.0" encoding="UTF-8"?>
<!-- Generated by org.testng.reporters.JUnitXMLReporter -->
<testsuite ignored="0" hostname="MacBook-Pro.local" failures="1" tests="2" name="Test" time="25.445" errors="0" timestamp="2024-07-20T15:37:23 AEST">
  <testcase classname="qa.test.MainTest" name="LoginTest" time="2.676">
    <skipped/>
  </testcase> <!-- LoginTest -->
  <testcase classname="qa.test.MainTest" name="LoginTest" time="2.577">
    <failure type="java.lang.AssertionError" message="Element is not Present expected [true] but found [false]">
      <![CDATA[java.lang.AssertionError: Element is not Present expected [true] but found [false]
at pageEvents.LoginPageEvents.checkLoginButtonPresent(LoginPageEvents.java:16)
at qa.test.MainTest.LoginTest(MainTest.java:22)
at java.base/java.util.ArrayList.forEach(ArrayList.java:1511)
... Removed 28 stack frames]]>
    </failure>
  </testcase> <!-- LoginTest -->
</testsuite> <!-- Test -->
